2022-08-21 13:10:04,426:INFO:PyCaret Supervised Module
2022-08-21 13:10:04,426:INFO:ML Usecase: regression
2022-08-21 13:10:04,427:INFO:version 2.3.10
2022-08-21 13:10:04,427:INFO:Initializing setup()
2022-08-21 13:10:04,427:INFO:setup(target=Clusters, ml_usecase=regression, available_plots={'parameter': 'Hyperparameters', 'residuals': 'Residuals', 'error': 'Prediction Error', 'cooks': 'Cooks Distance', 'rfe': 'Feature Selection', 'learning': 'Learning Curve', 'manifold': 'Manifold Learning', 'vc': 'Validation Curve', 'feature': 'Feature Importance', 'feature_all': 'Feature Importance (All)', 'tree': 'Decision Tree', 'residuals_interactive': 'Interactive Residuals'}, train_size=0.7, test_data=None, preprocess=True, imputation_type=simple, iterative_imputation_iters=5, categorical_features=None, categorical_imputation=constant, categorical_iterative_imputer=lightgbm, ordinal_features=None, high_cardinality_features=None, high_cardinality_method=frequency, numeric_features=None, numeric_imputation=mean, numeric_iterative_imputer=lightgbm, date_features=None, ignore_features=None, normalize=False, normalize_method=zscore, transformation=False, transformation_method=yeo-johnson, handle_unknown_categorical=True, unknown_categorical_method=least_frequent, pca=False, pca_method=linear, pca_components=None, ignore_low_variance=False, combine_rare_levels=False, rare_level_threshold=0.1, bin_numeric_features=None, remove_outliers=False, outliers_threshold=0.05, remove_multicollinearity=False, multicollinearity_threshold=0.9, remove_perfect_collinearity=True, create_clusters=False, cluster_iter=20, polynomial_features=False, polynomial_degree=2, trigonometry_features=False, polynomial_threshold=0.1, group_features=None, group_names=None, feature_selection=False, feature_selection_threshold=0.8, feature_selection_method=classic, feature_interaction=False, feature_ratio=False, interaction_threshold=0.01, fix_imbalance=False, fix_imbalance_method=None, transform_target=False, transform_target_method=box-cox, data_split_shuffle=True, data_split_stratify=False, fold_strategy=kfold, fold=10, fold_shuffle=False, fold_groups=None, n_jobs=-1, use_gpu=False, custom_pipeline=None, html=True, session_id=None, log_experiment=False, experiment_name=None, experiment_custom_tags=None, log_plots=False, log_profile=False, log_data=False, silent=False, verbose=True, profile=False, profile_kwargs=None, display=None)
2022-08-21 13:10:04,427:INFO:Checking environment
2022-08-21 13:10:04,428:INFO:python_version: 3.8.3
2022-08-21 13:10:04,428:INFO:python_build: ('default', 'Jul  2 2020 17:30:36')
2022-08-21 13:10:04,428:INFO:machine: AMD64
2022-08-21 13:10:04,429:INFO:platform: Windows-10-10.0.19041-SP0
2022-08-21 13:10:04,430:INFO:Memory: svmem(total=8449830912, available=2144772096, percent=74.6, used=6305058816, free=2144772096)
2022-08-21 13:10:04,431:INFO:Physical Core: 2
2022-08-21 13:10:04,431:INFO:Logical Core: 4
2022-08-21 13:10:04,431:INFO:Checking libraries
2022-08-21 13:10:04,431:INFO:pd==1.4.3
2022-08-21 13:10:04,431:INFO:numpy==1.18.5
2022-08-21 13:10:04,432:INFO:sklearn==0.23.2
2022-08-21 13:10:04,432:INFO:lightgbm==3.3.2
2022-08-21 13:10:06,327:INFO:catboost==1.0.6
2022-08-21 13:10:06,328:INFO:xgboost==1.6.1
2022-08-21 13:10:06,328:INFO:mlflow==1.27.0
2022-08-21 13:10:06,328:INFO:Checking Exceptions
2022-08-21 13:10:06,328:INFO:Declaring global variables
2022-08-21 13:10:06,329:INFO:USI: 4b4c
2022-08-21 13:10:06,329:INFO:pycaret_globals: {'experiment__', 'exp_name_log', 'log_plots_param', 'target_param', 'fold_groups_param', 'fold_generator', '_all_models_internal', 'fold_shuffle_param', 'y', 'imputation_classifier', 'data_before_preprocess', 'dashboard_logger', 'gpu_param', 'prep_pipe', 'n_jobs_param', 'imputation_regressor', 'y_test', 'X_train', 'pycaret_globals', 'stratify_param', 'iterative_imputation_iters_param', 'display_container', 'logging_param', 'fold_groups_param_full', '_ml_usecase', '_all_models', 'fold_param', 'y_train', 'X_test', '_available_plots', '_all_metrics', '_gpu_n_jobs_param', 'USI', 'html_param', 'seed', 'transform_target_param', 'create_model_container', 'master_model_container', 'transform_target_method_param', 'fix_imbalance_method_param', 'fix_imbalance_param', 'X', '_internal_pipeline'}
2022-08-21 13:10:06,329:INFO:Preparing display monitor
2022-08-21 13:10:06,329:INFO:Preparing display monitor
2022-08-21 13:10:06,343:INFO:Importing libraries
2022-08-21 13:10:06,343:INFO:Copying data for preprocessing
2022-08-21 13:10:06,359:INFO:Declaring preprocessing parameters
2022-08-21 13:10:06,362:INFO:Creating preprocessing pipeline
2022-08-21 13:10:06,430:INFO:Preprocessing pipeline created successfully
2022-08-21 13:10:06,430:ERROR:(Process Exit): setup has been interupted with user command 'quit'. setup must rerun.
2022-08-21 13:10:06,431:INFO:Creating global containers
2022-08-21 13:10:06,448:INFO:Internal pipeline: Pipeline(memory=None, steps=[('empty_step', 'passthrough')], verbose=False)
2022-08-21 13:10:10,715:INFO:Creating grid variables
2022-08-21 13:10:10,865:INFO:create_model_container: 0
2022-08-21 13:10:10,865:INFO:master_model_container: 0
2022-08-21 13:10:10,865:INFO:display_container: 1
2022-08-21 13:10:10,871:INFO:Pipeline(memory=None,
         steps=[('dtypes',
                 DataTypes_Auto_infer(categorical_features=[],
                                      display_types=True, features_todrop=[],
                                      id_columns=[], ml_usecase='regression',
                                      numerical_features=[], target='Clusters',
                                      time_features=[])),
                ('imputer',
                 Simple_Imputer(categorical_strategy='not_available',
                                fill_value_categorical=None,
                                fill_value_numerical=None,
                                numeric_strateg...
                ('scaling', 'passthrough'), ('P_transform', 'passthrough'),
                ('binn', 'passthrough'), ('rem_outliers', 'passthrough'),
                ('cluster_all', 'passthrough'),
                ('dummy', Dummify(target='Clusters')),
                ('fix_perfect', Remove_100(target='Clusters')),
                ('clean_names', Clean_Colum_Names()),
                ('feature_select', 'passthrough'), ('fix_multi', 'passthrough'),
                ('dfs', 'passthrough'), ('pca', 'passthrough')],
         verbose=False)
2022-08-21 13:10:10,871:INFO:setup() succesfully completed......................................
2022-08-21 13:10:39,384:INFO:PyCaret Supervised Module
2022-08-21 13:10:39,389:INFO:ML Usecase: regression
2022-08-21 13:10:39,390:INFO:version 2.3.10
2022-08-21 13:10:39,390:INFO:Initializing setup()
2022-08-21 13:10:39,391:INFO:setup(target=Clusters, ml_usecase=regression, available_plots={'parameter': 'Hyperparameters', 'residuals': 'Residuals', 'error': 'Prediction Error', 'cooks': 'Cooks Distance', 'rfe': 'Feature Selection', 'learning': 'Learning Curve', 'manifold': 'Manifold Learning', 'vc': 'Validation Curve', 'feature': 'Feature Importance', 'feature_all': 'Feature Importance (All)', 'tree': 'Decision Tree', 'residuals_interactive': 'Interactive Residuals'}, train_size=0.7, test_data=None, preprocess=True, imputation_type=simple, iterative_imputation_iters=5, categorical_features=None, categorical_imputation=constant, categorical_iterative_imputer=lightgbm, ordinal_features=None, high_cardinality_features=None, high_cardinality_method=frequency, numeric_features=None, numeric_imputation=mean, numeric_iterative_imputer=lightgbm, date_features=None, ignore_features=None, normalize=False, normalize_method=zscore, transformation=False, transformation_method=yeo-johnson, handle_unknown_categorical=True, unknown_categorical_method=least_frequent, pca=False, pca_method=linear, pca_components=None, ignore_low_variance=False, combine_rare_levels=False, rare_level_threshold=0.1, bin_numeric_features=None, remove_outliers=False, outliers_threshold=0.05, remove_multicollinearity=False, multicollinearity_threshold=0.9, remove_perfect_collinearity=True, create_clusters=False, cluster_iter=20, polynomial_features=False, polynomial_degree=2, trigonometry_features=False, polynomial_threshold=0.1, group_features=None, group_names=None, feature_selection=False, feature_selection_threshold=0.8, feature_selection_method=classic, feature_interaction=False, feature_ratio=False, interaction_threshold=0.01, fix_imbalance=False, fix_imbalance_method=None, transform_target=False, transform_target_method=box-cox, data_split_shuffle=True, data_split_stratify=False, fold_strategy=kfold, fold=10, fold_shuffle=False, fold_groups=None, n_jobs=-1, use_gpu=False, custom_pipeline=None, html=True, session_id=None, log_experiment=False, experiment_name=None, experiment_custom_tags=None, log_plots=False, log_profile=False, log_data=False, silent=False, verbose=True, profile=False, profile_kwargs=None, display=None)
2022-08-21 13:10:39,392:INFO:Checking environment
2022-08-21 13:10:39,392:INFO:python_version: 3.8.3
2022-08-21 13:10:39,392:INFO:python_build: ('default', 'Jul  2 2020 17:30:36')
2022-08-21 13:10:39,392:INFO:machine: AMD64
2022-08-21 13:10:39,393:INFO:platform: Windows-10-10.0.19041-SP0
2022-08-21 13:10:39,393:INFO:Memory: svmem(total=8449830912, available=2183614464, percent=74.2, used=6266216448, free=2183614464)
2022-08-21 13:10:39,393:INFO:Physical Core: 2
2022-08-21 13:10:39,393:INFO:Logical Core: 4
2022-08-21 13:10:39,393:INFO:Checking libraries
2022-08-21 13:10:39,394:INFO:pd==1.4.3
2022-08-21 13:10:39,394:INFO:numpy==1.18.5
2022-08-21 13:10:39,394:INFO:sklearn==0.23.2
2022-08-21 13:10:39,394:INFO:lightgbm==3.3.2
2022-08-21 13:10:39,395:INFO:catboost==1.0.6
2022-08-21 13:10:39,395:INFO:xgboost==1.6.1
2022-08-21 13:10:39,395:INFO:mlflow==1.27.0
2022-08-21 13:10:39,395:INFO:Checking Exceptions
2022-08-21 13:10:39,396:INFO:Declaring global variables
2022-08-21 13:10:39,396:INFO:USI: 638c
2022-08-21 13:10:39,396:INFO:pycaret_globals: {'experiment__', 'exp_name_log', 'log_plots_param', 'target_param', 'fold_groups_param', 'fold_generator', '_all_models_internal', 'fold_shuffle_param', 'y', 'imputation_classifier', 'data_before_preprocess', 'dashboard_logger', 'gpu_param', 'prep_pipe', 'n_jobs_param', 'imputation_regressor', 'y_test', 'X_train', 'pycaret_globals', 'stratify_param', 'iterative_imputation_iters_param', 'display_container', 'logging_param', 'fold_groups_param_full', '_ml_usecase', '_all_models', 'fold_param', 'y_train', 'X_test', '_available_plots', '_all_metrics', '_gpu_n_jobs_param', 'USI', 'html_param', 'seed', 'transform_target_param', 'create_model_container', 'master_model_container', 'transform_target_method_param', 'fix_imbalance_method_param', 'fix_imbalance_param', 'X', '_internal_pipeline'}
2022-08-21 13:10:39,396:INFO:Preparing display monitor
2022-08-21 13:10:39,396:INFO:Preparing display monitor
2022-08-21 13:10:39,429:INFO:Importing libraries
2022-08-21 13:10:39,430:INFO:Copying data for preprocessing
2022-08-21 13:10:39,449:INFO:Declaring preprocessing parameters
2022-08-21 13:10:39,451:INFO:Creating preprocessing pipeline
2022-08-21 13:10:39,515:INFO:Preprocessing pipeline created successfully
2022-08-21 13:10:39,516:ERROR:(Process Exit): setup has been interupted with user command 'quit'. setup must rerun.
2022-08-21 13:10:39,516:INFO:Creating global containers
2022-08-21 13:10:39,517:INFO:Internal pipeline: Pipeline(memory=None, steps=[('empty_step', 'passthrough')], verbose=False)
2022-08-21 13:10:42,191:INFO:Creating grid variables
2022-08-21 13:10:42,208:INFO:create_model_container: 0
2022-08-21 13:10:42,208:INFO:master_model_container: 0
2022-08-21 13:10:42,208:INFO:display_container: 1
2022-08-21 13:10:42,216:INFO:Pipeline(memory=None,
         steps=[('dtypes',
                 DataTypes_Auto_infer(categorical_features=[],
                                      display_types=True, features_todrop=[],
                                      id_columns=[], ml_usecase='regression',
                                      numerical_features=[], target='Clusters',
                                      time_features=[])),
                ('imputer',
                 Simple_Imputer(categorical_strategy='not_available',
                                fill_value_categorical=None,
                                fill_value_numerical=None,
                                numeric_strateg...
                ('scaling', 'passthrough'), ('P_transform', 'passthrough'),
                ('binn', 'passthrough'), ('rem_outliers', 'passthrough'),
                ('cluster_all', 'passthrough'),
                ('dummy', Dummify(target='Clusters')),
                ('fix_perfect', Remove_100(target='Clusters')),
                ('clean_names', Clean_Colum_Names()),
                ('feature_select', 'passthrough'), ('fix_multi', 'passthrough'),
                ('dfs', 'passthrough'), ('pca', 'passthrough')],
         verbose=False)
2022-08-21 13:10:42,217:INFO:setup() succesfully completed......................................
2022-08-21 13:11:09,132:INFO:PyCaret Supervised Module
2022-08-21 13:11:09,133:INFO:ML Usecase: regression
2022-08-21 13:11:09,133:INFO:version 2.3.10
2022-08-21 13:11:09,133:INFO:Initializing setup()
2022-08-21 13:11:09,134:INFO:setup(target=Clusters, ml_usecase=regression, available_plots={'parameter': 'Hyperparameters', 'residuals': 'Residuals', 'error': 'Prediction Error', 'cooks': 'Cooks Distance', 'rfe': 'Feature Selection', 'learning': 'Learning Curve', 'manifold': 'Manifold Learning', 'vc': 'Validation Curve', 'feature': 'Feature Importance', 'feature_all': 'Feature Importance (All)', 'tree': 'Decision Tree', 'residuals_interactive': 'Interactive Residuals'}, train_size=0.7, test_data=None, preprocess=True, imputation_type=simple, iterative_imputation_iters=5, categorical_features=None, categorical_imputation=constant, categorical_iterative_imputer=lightgbm, ordinal_features=None, high_cardinality_features=None, high_cardinality_method=frequency, numeric_features=None, numeric_imputation=mean, numeric_iterative_imputer=lightgbm, date_features=None, ignore_features=None, normalize=False, normalize_method=zscore, transformation=False, transformation_method=yeo-johnson, handle_unknown_categorical=True, unknown_categorical_method=least_frequent, pca=False, pca_method=linear, pca_components=None, ignore_low_variance=False, combine_rare_levels=False, rare_level_threshold=0.1, bin_numeric_features=None, remove_outliers=False, outliers_threshold=0.05, remove_multicollinearity=False, multicollinearity_threshold=0.9, remove_perfect_collinearity=True, create_clusters=False, cluster_iter=20, polynomial_features=False, polynomial_degree=2, trigonometry_features=False, polynomial_threshold=0.1, group_features=None, group_names=None, feature_selection=False, feature_selection_threshold=0.8, feature_selection_method=classic, feature_interaction=False, feature_ratio=False, interaction_threshold=0.01, fix_imbalance=False, fix_imbalance_method=None, transform_target=False, transform_target_method=box-cox, data_split_shuffle=True, data_split_stratify=False, fold_strategy=kfold, fold=10, fold_shuffle=False, fold_groups=None, n_jobs=-1, use_gpu=False, custom_pipeline=None, html=True, session_id=None, log_experiment=False, experiment_name=None, experiment_custom_tags=None, log_plots=False, log_profile=False, log_data=False, silent=False, verbose=True, profile=False, profile_kwargs=None, display=None)
2022-08-21 13:11:09,134:INFO:Checking environment
2022-08-21 13:11:09,134:INFO:python_version: 3.8.3
2022-08-21 13:11:09,134:INFO:python_build: ('default', 'Jul  2 2020 17:30:36')
2022-08-21 13:11:09,135:INFO:machine: AMD64
2022-08-21 13:11:09,135:INFO:platform: Windows-10-10.0.19041-SP0
2022-08-21 13:11:09,135:INFO:Memory: svmem(total=8449830912, available=2125172736, percent=74.8, used=6324658176, free=2125172736)
2022-08-21 13:11:09,135:INFO:Physical Core: 2
2022-08-21 13:11:09,135:INFO:Logical Core: 4
2022-08-21 13:11:09,135:INFO:Checking libraries
2022-08-21 13:11:09,135:INFO:pd==1.4.3
2022-08-21 13:11:09,136:INFO:numpy==1.18.5
2022-08-21 13:11:09,136:INFO:sklearn==0.23.2
2022-08-21 13:11:09,136:INFO:lightgbm==3.3.2
2022-08-21 13:11:09,136:INFO:catboost==1.0.6
2022-08-21 13:11:09,136:INFO:xgboost==1.6.1
2022-08-21 13:11:09,136:INFO:mlflow==1.27.0
2022-08-21 13:11:09,136:INFO:Checking Exceptions
2022-08-21 13:11:09,137:INFO:Declaring global variables
2022-08-21 13:11:09,137:INFO:USI: 87fb
2022-08-21 13:11:09,137:INFO:pycaret_globals: {'experiment__', 'exp_name_log', 'log_plots_param', 'target_param', 'fold_groups_param', 'fold_generator', '_all_models_internal', 'fold_shuffle_param', 'y', 'imputation_classifier', 'data_before_preprocess', 'dashboard_logger', 'gpu_param', 'prep_pipe', 'n_jobs_param', 'imputation_regressor', 'y_test', 'X_train', 'pycaret_globals', 'stratify_param', 'iterative_imputation_iters_param', 'display_container', 'logging_param', 'fold_groups_param_full', '_ml_usecase', '_all_models', 'fold_param', 'y_train', 'X_test', '_available_plots', '_all_metrics', '_gpu_n_jobs_param', 'USI', 'html_param', 'seed', 'transform_target_param', 'create_model_container', 'master_model_container', 'transform_target_method_param', 'fix_imbalance_method_param', 'fix_imbalance_param', 'X', '_internal_pipeline'}
2022-08-21 13:11:09,137:INFO:Preparing display monitor
2022-08-21 13:11:09,137:INFO:Preparing display monitor
2022-08-21 13:11:09,160:INFO:Importing libraries
2022-08-21 13:11:09,161:INFO:Copying data for preprocessing
2022-08-21 13:11:09,175:INFO:Declaring preprocessing parameters
2022-08-21 13:11:09,179:INFO:Creating preprocessing pipeline
2022-08-21 13:11:09,230:INFO:Preprocessing pipeline created successfully
2022-08-21 13:11:09,230:ERROR:(Process Exit): setup has been interupted with user command 'quit'. setup must rerun.
2022-08-21 13:11:09,231:INFO:Creating global containers
2022-08-21 13:11:09,231:INFO:Internal pipeline: Pipeline(memory=None, steps=[('empty_step', 'passthrough')], verbose=False)
2022-08-21 13:11:11,309:INFO:Creating grid variables
2022-08-21 13:11:11,333:INFO:create_model_container: 0
2022-08-21 13:11:11,333:INFO:master_model_container: 0
2022-08-21 13:11:11,333:INFO:display_container: 1
2022-08-21 13:11:11,338:INFO:Pipeline(memory=None,
         steps=[('dtypes',
                 DataTypes_Auto_infer(categorical_features=[],
                                      display_types=True, features_todrop=[],
                                      id_columns=[], ml_usecase='regression',
                                      numerical_features=[], target='Clusters',
                                      time_features=[])),
                ('imputer',
                 Simple_Imputer(categorical_strategy='not_available',
                                fill_value_categorical=None,
                                fill_value_numerical=None,
                                numeric_strateg...
                ('scaling', 'passthrough'), ('P_transform', 'passthrough'),
                ('binn', 'passthrough'), ('rem_outliers', 'passthrough'),
                ('cluster_all', 'passthrough'),
                ('dummy', Dummify(target='Clusters')),
                ('fix_perfect', Remove_100(target='Clusters')),
                ('clean_names', Clean_Colum_Names()),
                ('feature_select', 'passthrough'), ('fix_multi', 'passthrough'),
                ('dfs', 'passthrough'), ('pca', 'passthrough')],
         verbose=False)
2022-08-21 13:11:11,339:INFO:setup() succesfully completed......................................
2022-08-21 13:12:09,634:INFO:Initializing compare_models()
2022-08-21 13:12:09,634:INFO:compare_models(include=None, fold=None, round=4, cross_validation=True, sort=R2, n_select=1, budget_time=None, turbo=True, errors=ignore, fit_kwargs=None, groups=None, experiment_custom_tags=None, probability_threshold=None, verbose=True, display=None, exclude=None)
2022-08-21 13:12:09,634:INFO:Checking exceptions
2022-08-21 13:12:09,635:INFO:Preparing display monitor
2022-08-21 13:12:09,635:INFO:Preparing display monitor
2022-08-21 13:12:09,687:INFO:Initializing Linear Regression
2022-08-21 13:12:09,687:INFO:Total runtime is 0.0 minutes
2022-08-21 13:12:09,705:INFO:SubProcess create_model() called ==================================
2022-08-21 13:12:09,706:INFO:Initializing create_model()
2022-08-21 13:12:09,706:INFO:create_model(estimator=lr, fold=KFold(n_splits=10, random_state=None, shuffle=False), round=4, cross_validation=True, predict=True, fit_kwargs={}, groups=None, refit=False, verbose=False, system=False, metrics=None, experiment_custom_tags=None, add_to_model_list=True, probability_threshold=None, display=<pycaret.internal.Display.Display object at 0x000002B79E1C0D60>, return_train_score=False, kwargs={})
2022-08-21 13:12:09,706:INFO:Checking exceptions
2022-08-21 13:12:09,707:INFO:Importing libraries
2022-08-21 13:12:09,707:INFO:Copying training dataset
2022-08-21 13:12:09,709:INFO:Defining folds
2022-08-21 13:12:09,709:INFO:Declaring metric variables
2022-08-21 13:12:09,730:INFO:Importing untrained model
2022-08-21 13:12:09,747:INFO:Linear Regression Imported succesfully
2022-08-21 13:12:09,787:INFO:Starting cross validation
2022-08-21 13:12:09,878:INFO:Cross validating with KFold(n_splits=10, random_state=None, shuffle=False), n_jobs=-1
2022-08-21 13:12:30,479:INFO:Calculating mean and std
2022-08-21 13:12:30,480:INFO:Creating metrics dataframe
2022-08-21 13:12:30,486:INFO:Uploading results into container
2022-08-21 13:12:30,486:INFO:Uploading model into container now
2022-08-21 13:12:30,487:INFO:create_model_container: 1
2022-08-21 13:12:30,487:INFO:master_model_container: 1
2022-08-21 13:12:30,488:INFO:display_container: 2
2022-08-21 13:12:30,488:INFO:LinearRegression(copy_X=True, fit_intercept=True, n_jobs=-1, normalize=False)
2022-08-21 13:12:30,488:INFO:create_model() succesfully completed......................................
2022-08-21 13:12:30,698:INFO:SubProcess create_model() end ==================================
2022-08-21 13:12:30,698:INFO:Creating metrics dataframe
2022-08-21 13:12:30,711:INFO:Initializing Lasso Regression
2022-08-21 13:12:30,711:INFO:Total runtime is 0.35039010445276897 minutes
2022-08-21 13:12:30,725:INFO:SubProcess create_model() called ==================================
2022-08-21 13:12:30,726:INFO:Initializing create_model()
2022-08-21 13:12:30,726:INFO:create_model(estimator=lasso, fold=KFold(n_splits=10, random_state=None, shuffle=False), round=4, cross_validation=True, predict=True, fit_kwargs={}, groups=None, refit=False, verbose=False, system=False, metrics=None, experiment_custom_tags=None, add_to_model_list=True, probability_threshold=None, display=<pycaret.internal.Display.Display object at 0x000002B79E1C0D60>, return_train_score=False, kwargs={})
2022-08-21 13:12:30,727:INFO:Checking exceptions
2022-08-21 13:12:30,727:INFO:Importing libraries
2022-08-21 13:12:30,727:INFO:Copying training dataset
2022-08-21 13:12:30,729:INFO:Defining folds
2022-08-21 13:12:30,730:INFO:Declaring metric variables
2022-08-21 13:12:30,746:INFO:Importing untrained model
2022-08-21 13:12:30,778:INFO:Lasso Regression Imported succesfully
2022-08-21 13:12:30,813:INFO:Starting cross validation
2022-08-21 13:12:30,814:INFO:Cross validating with KFold(n_splits=10, random_state=None, shuffle=False), n_jobs=-1
2022-08-21 13:12:30,980:INFO:Calculating mean and std
2022-08-21 13:12:30,982:INFO:Creating metrics dataframe
2022-08-21 13:12:30,995:INFO:Uploading results into container
2022-08-21 13:12:30,995:INFO:Uploading model into container now
2022-08-21 13:12:30,995:INFO:create_model_container: 2
2022-08-21 13:12:30,996:INFO:master_model_container: 2
2022-08-21 13:12:30,996:INFO:display_container: 2
2022-08-21 13:12:30,996:INFO:Lasso(alpha=1.0, copy_X=True, fit_intercept=True, max_iter=1000,
      normalize=False, positive=False, precompute=False, random_state=8170,
      selection='cyclic', tol=0.0001, warm_start=False)
2022-08-21 13:12:30,997:INFO:create_model() succesfully completed......................................
2022-08-21 13:12:31,256:INFO:SubProcess create_model() end ==================================
2022-08-21 13:12:31,256:INFO:Creating metrics dataframe
2022-08-21 13:12:31,269:INFO:Initializing Ridge Regression
2022-08-21 13:12:31,269:INFO:Total runtime is 0.3596896330515544 minutes
2022-08-21 13:12:31,285:INFO:SubProcess create_model() called ==================================
2022-08-21 13:12:31,285:INFO:Initializing create_model()
2022-08-21 13:12:31,286:INFO:create_model(estimator=ridge, fold=KFold(n_splits=10, random_state=None, shuffle=False), round=4, cross_validation=True, predict=True, fit_kwargs={}, groups=None, refit=False, verbose=False, system=False, metrics=None, experiment_custom_tags=None, add_to_model_list=True, probability_threshold=None, display=<pycaret.internal.Display.Display object at 0x000002B79E1C0D60>, return_train_score=False, kwargs={})
2022-08-21 13:12:31,286:INFO:Checking exceptions
2022-08-21 13:12:31,286:INFO:Importing libraries
2022-08-21 13:12:31,287:INFO:Copying training dataset
2022-08-21 13:12:31,290:INFO:Defining folds
2022-08-21 13:12:31,290:INFO:Declaring metric variables
2022-08-21 13:12:31,307:INFO:Importing untrained model
2022-08-21 13:12:31,324:INFO:Ridge Regression Imported succesfully
2022-08-21 13:12:31,374:INFO:Starting cross validation
2022-08-21 13:12:31,376:INFO:Cross validating with KFold(n_splits=10, random_state=None, shuffle=False), n_jobs=-1
2022-08-21 13:12:31,626:INFO:Calculating mean and std
2022-08-21 13:12:31,629:INFO:Creating metrics dataframe
2022-08-21 13:12:31,643:INFO:Uploading results into container
2022-08-21 13:12:31,644:INFO:Uploading model into container now
2022-08-21 13:12:31,644:INFO:create_model_container: 3
2022-08-21 13:12:31,644:INFO:master_model_container: 3
2022-08-21 13:12:31,644:INFO:display_container: 2
2022-08-21 13:12:31,645:INFO:Ridge(alpha=1.0, copy_X=True, fit_intercept=True, max_iter=None,
      normalize=False, random_state=8170, solver='auto', tol=0.001)
2022-08-21 13:12:31,646:INFO:create_model() succesfully completed......................................
2022-08-21 13:12:31,911:INFO:SubProcess create_model() end ==================================
2022-08-21 13:12:31,912:INFO:Creating metrics dataframe
2022-08-21 13:12:31,933:INFO:Initializing Elastic Net
2022-08-21 13:12:31,933:INFO:Total runtime is 0.3707653840382894 minutes
2022-08-21 13:12:31,950:INFO:SubProcess create_model() called ==================================
2022-08-21 13:12:31,950:INFO:Initializing create_model()
2022-08-21 13:12:31,951:INFO:create_model(estimator=en, fold=KFold(n_splits=10, random_state=None, shuffle=False), round=4, cross_validation=True, predict=True, fit_kwargs={}, groups=None, refit=False, verbose=False, system=False, metrics=None, experiment_custom_tags=None, add_to_model_list=True, probability_threshold=None, display=<pycaret.internal.Display.Display object at 0x000002B79E1C0D60>, return_train_score=False, kwargs={})
2022-08-21 13:12:31,951:INFO:Checking exceptions
2022-08-21 13:12:31,951:INFO:Importing libraries
2022-08-21 13:12:31,952:INFO:Copying training dataset
2022-08-21 13:12:31,953:INFO:Defining folds
2022-08-21 13:12:31,953:INFO:Declaring metric variables
2022-08-21 13:12:31,972:INFO:Importing untrained model
2022-08-21 13:12:31,991:INFO:Elastic Net Imported succesfully
2022-08-21 13:12:32,044:INFO:Starting cross validation
2022-08-21 13:12:32,045:INFO:Cross validating with KFold(n_splits=10, random_state=None, shuffle=False), n_jobs=-1
2022-08-21 13:12:32,185:INFO:Calculating mean and std
2022-08-21 13:12:32,188:INFO:Creating metrics dataframe
2022-08-21 13:12:32,199:INFO:Uploading results into container
2022-08-21 13:12:32,199:INFO:Uploading model into container now
2022-08-21 13:12:32,200:INFO:create_model_container: 4
2022-08-21 13:12:32,200:INFO:master_model_container: 4
2022-08-21 13:12:32,200:INFO:display_container: 2
2022-08-21 13:12:32,201:INFO:ElasticNet(alpha=1.0, copy_X=True, fit_intercept=True, l1_ratio=0.5,
           max_iter=1000, normalize=False, positive=False, precompute=False,
           random_state=8170, selection='cyclic', tol=0.0001, warm_start=False)
2022-08-21 13:12:32,202:INFO:create_model() succesfully completed......................................
2022-08-21 13:12:32,514:INFO:SubProcess create_model() end ==================================
2022-08-21 13:12:32,514:INFO:Creating metrics dataframe
2022-08-21 13:12:32,531:INFO:Initializing Least Angle Regression
2022-08-21 13:12:32,532:INFO:Total runtime is 0.3807432572046916 minutes
2022-08-21 13:12:32,549:INFO:SubProcess create_model() called ==================================
2022-08-21 13:12:32,550:INFO:Initializing create_model()
2022-08-21 13:12:32,550:INFO:create_model(estimator=lar, fold=KFold(n_splits=10, random_state=None, shuffle=False), round=4, cross_validation=True, predict=True, fit_kwargs={}, groups=None, refit=False, verbose=False, system=False, metrics=None, experiment_custom_tags=None, add_to_model_list=True, probability_threshold=None, display=<pycaret.internal.Display.Display object at 0x000002B79E1C0D60>, return_train_score=False, kwargs={})
2022-08-21 13:12:32,550:INFO:Checking exceptions
2022-08-21 13:12:32,550:INFO:Importing libraries
2022-08-21 13:12:32,551:INFO:Copying training dataset
2022-08-21 13:12:32,553:INFO:Defining folds
2022-08-21 13:12:32,553:INFO:Declaring metric variables
2022-08-21 13:12:32,568:INFO:Importing untrained model
2022-08-21 13:12:32,589:INFO:Least Angle Regression Imported succesfully
2022-08-21 13:12:32,628:INFO:Starting cross validation
2022-08-21 13:12:32,630:INFO:Cross validating with KFold(n_splits=10, random_state=None, shuffle=False), n_jobs=-1
2022-08-21 13:12:32,900:INFO:Calculating mean and std
2022-08-21 13:12:32,901:INFO:Creating metrics dataframe
2022-08-21 13:12:32,911:INFO:Uploading results into container
2022-08-21 13:12:32,912:INFO:Uploading model into container now
2022-08-21 13:12:32,912:INFO:create_model_container: 5
2022-08-21 13:12:32,912:INFO:master_model_container: 5
2022-08-21 13:12:32,912:INFO:display_container: 2
2022-08-21 13:12:32,913:INFO:Lars(copy_X=True, eps=2.220446049250313e-16, fit_intercept=True, fit_path=True,
     jitter=None, n_nonzero_coefs=500, normalize=True, precompute='auto',
     random_state=8170, verbose=False)
2022-08-21 13:12:32,913:INFO:create_model() succesfully completed......................................
2022-08-21 13:12:33,113:INFO:SubProcess create_model() end ==================================
2022-08-21 13:12:33,113:INFO:Creating metrics dataframe
2022-08-21 13:12:33,129:INFO:Initializing Lasso Least Angle Regression
2022-08-21 13:12:33,130:INFO:Total runtime is 0.39071062008539836 minutes
2022-08-21 13:12:33,150:INFO:SubProcess create_model() called ==================================
2022-08-21 13:12:33,150:INFO:Initializing create_model()
2022-08-21 13:12:33,151:INFO:create_model(estimator=llar, fold=KFold(n_splits=10, random_state=None, shuffle=False), round=4, cross_validation=True, predict=True, fit_kwargs={}, groups=None, refit=False, verbose=False, system=False, metrics=None, experiment_custom_tags=None, add_to_model_list=True, probability_threshold=None, display=<pycaret.internal.Display.Display object at 0x000002B79E1C0D60>, return_train_score=False, kwargs={})
2022-08-21 13:12:33,151:INFO:Checking exceptions
2022-08-21 13:12:33,151:INFO:Importing libraries
2022-08-21 13:12:33,151:INFO:Copying training dataset
2022-08-21 13:12:33,155:INFO:Defining folds
2022-08-21 13:12:33,156:INFO:Declaring metric variables
2022-08-21 13:12:33,179:INFO:Importing untrained model
2022-08-21 13:12:33,200:INFO:Lasso Least Angle Regression Imported succesfully
2022-08-21 13:12:33,244:INFO:Starting cross validation
2022-08-21 13:12:33,245:INFO:Cross validating with KFold(n_splits=10, random_state=None, shuffle=False), n_jobs=-1
2022-08-21 13:12:33,381:INFO:Calculating mean and std
2022-08-21 13:12:33,384:INFO:Creating metrics dataframe
2022-08-21 13:12:33,397:INFO:Uploading results into container
2022-08-21 13:12:33,397:INFO:Uploading model into container now
2022-08-21 13:12:33,397:INFO:create_model_container: 6
2022-08-21 13:12:33,397:INFO:master_model_container: 6
2022-08-21 13:12:33,397:INFO:display_container: 2
2022-08-21 13:12:33,398:INFO:LassoLars(alpha=1.0, copy_X=True, eps=2.220446049250313e-16, fit_intercept=True,
          fit_path=True, jitter=None, max_iter=500, normalize=True,
          positive=False, precompute='auto', random_state=8170, verbose=False)
2022-08-21 13:12:33,399:INFO:create_model() succesfully completed......................................
2022-08-21 13:12:33,693:INFO:SubProcess create_model() end ==================================
2022-08-21 13:12:33,693:INFO:Creating metrics dataframe
2022-08-21 13:12:33,710:INFO:Initializing Orthogonal Matching Pursuit
2022-08-21 13:12:33,710:INFO:Total runtime is 0.40038175582885743 minutes
2022-08-21 13:12:33,732:INFO:SubProcess create_model() called ==================================
2022-08-21 13:12:33,732:INFO:Initializing create_model()
2022-08-21 13:12:33,733:INFO:create_model(estimator=omp, fold=KFold(n_splits=10, random_state=None, shuffle=False), round=4, cross_validation=True, predict=True, fit_kwargs={}, groups=None, refit=False, verbose=False, system=False, metrics=None, experiment_custom_tags=None, add_to_model_list=True, probability_threshold=None, display=<pycaret.internal.Display.Display object at 0x000002B79E1C0D60>, return_train_score=False, kwargs={})
2022-08-21 13:12:33,733:INFO:Checking exceptions
2022-08-21 13:12:33,733:INFO:Importing libraries
2022-08-21 13:12:33,733:INFO:Copying training dataset
2022-08-21 13:12:33,735:INFO:Defining folds
2022-08-21 13:12:33,735:INFO:Declaring metric variables
2022-08-21 13:12:33,763:INFO:Importing untrained model
2022-08-21 13:12:33,780:INFO:Orthogonal Matching Pursuit Imported succesfully
2022-08-21 13:12:33,828:INFO:Starting cross validation
2022-08-21 13:12:33,829:INFO:Cross validating with KFold(n_splits=10, random_state=None, shuffle=False), n_jobs=-1
2022-08-21 13:12:33,974:INFO:Calculating mean and std
2022-08-21 13:12:33,976:INFO:Creating metrics dataframe
2022-08-21 13:12:33,989:INFO:Uploading results into container
2022-08-21 13:12:33,989:INFO:Uploading model into container now
2022-08-21 13:12:33,989:INFO:create_model_container: 7
2022-08-21 13:12:33,989:INFO:master_model_container: 7
2022-08-21 13:12:33,989:INFO:display_container: 2
2022-08-21 13:12:33,989:INFO:OrthogonalMatchingPursuit(fit_intercept=True, n_nonzero_coefs=None,
                          normalize=True, precompute='auto', tol=None)
2022-08-21 13:12:33,989:INFO:create_model() succesfully completed......................................
2022-08-21 13:12:34,240:INFO:SubProcess create_model() end ==================================
2022-08-21 13:12:34,240:INFO:Creating metrics dataframe
2022-08-21 13:12:34,257:INFO:Initializing Bayesian Ridge
2022-08-21 13:12:34,257:INFO:Total runtime is 0.40949467023213704 minutes
2022-08-21 13:12:34,270:INFO:SubProcess create_model() called ==================================
2022-08-21 13:12:34,272:INFO:Initializing create_model()
2022-08-21 13:12:34,272:INFO:create_model(estimator=br, fold=KFold(n_splits=10, random_state=None, shuffle=False), round=4, cross_validation=True, predict=True, fit_kwargs={}, groups=None, refit=False, verbose=False, system=False, metrics=None, experiment_custom_tags=None, add_to_model_list=True, probability_threshold=None, display=<pycaret.internal.Display.Display object at 0x000002B79E1C0D60>, return_train_score=False, kwargs={})
2022-08-21 13:12:34,272:INFO:Checking exceptions
2022-08-21 13:12:34,272:INFO:Importing libraries
2022-08-21 13:12:34,273:INFO:Copying training dataset
2022-08-21 13:12:34,276:INFO:Defining folds
2022-08-21 13:12:34,276:INFO:Declaring metric variables
2022-08-21 13:12:34,292:INFO:Importing untrained model
2022-08-21 13:12:34,312:INFO:Bayesian Ridge Imported succesfully
2022-08-21 13:12:34,359:INFO:Starting cross validation
2022-08-21 13:12:34,360:INFO:Cross validating with KFold(n_splits=10, random_state=None, shuffle=False), n_jobs=-1
2022-08-21 13:12:34,607:INFO:Calculating mean and std
2022-08-21 13:12:34,609:INFO:Creating metrics dataframe
2022-08-21 13:12:34,623:INFO:Uploading results into container
2022-08-21 13:12:34,624:INFO:Uploading model into container now
2022-08-21 13:12:34,625:INFO:create_model_container: 8
2022-08-21 13:12:34,625:INFO:master_model_container: 8
2022-08-21 13:12:34,625:INFO:display_container: 2
2022-08-21 13:12:34,626:INFO:BayesianRidge(alpha_1=1e-06, alpha_2=1e-06, alpha_init=None,
              compute_score=False, copy_X=True, fit_intercept=True,
              lambda_1=1e-06, lambda_2=1e-06, lambda_init=None, n_iter=300,
              normalize=False, tol=0.001, verbose=False)
2022-08-21 13:12:34,627:INFO:create_model() succesfully completed......................................
2022-08-21 13:12:34,861:INFO:SubProcess create_model() end ==================================
2022-08-21 13:12:34,861:INFO:Creating metrics dataframe
2022-08-21 13:12:34,878:INFO:Initializing Passive Aggressive Regressor
2022-08-21 13:12:34,879:INFO:Total runtime is 0.4198668599128723 minutes
2022-08-21 13:12:34,893:INFO:SubProcess create_model() called ==================================
2022-08-21 13:12:34,894:INFO:Initializing create_model()
2022-08-21 13:12:34,894:INFO:create_model(estimator=par, fold=KFold(n_splits=10, random_state=None, shuffle=False), round=4, cross_validation=True, predict=True, fit_kwargs={}, groups=None, refit=False, verbose=False, system=False, metrics=None, experiment_custom_tags=None, add_to_model_list=True, probability_threshold=None, display=<pycaret.internal.Display.Display object at 0x000002B79E1C0D60>, return_train_score=False, kwargs={})
2022-08-21 13:12:34,894:INFO:Checking exceptions
2022-08-21 13:12:34,894:INFO:Importing libraries
2022-08-21 13:12:34,895:INFO:Copying training dataset
2022-08-21 13:12:34,897:INFO:Defining folds
2022-08-21 13:12:34,897:INFO:Declaring metric variables
2022-08-21 13:12:34,912:INFO:Importing untrained model
2022-08-21 13:12:34,931:INFO:Passive Aggressive Regressor Imported succesfully
2022-08-21 13:12:34,975:INFO:Starting cross validation
2022-08-21 13:12:34,977:INFO:Cross validating with KFold(n_splits=10, random_state=None, shuffle=False), n_jobs=-1
2022-08-21 13:12:35,161:INFO:Calculating mean and std
2022-08-21 13:12:35,164:INFO:Creating metrics dataframe
2022-08-21 13:12:35,178:INFO:Uploading results into container
2022-08-21 13:12:35,178:INFO:Uploading model into container now
2022-08-21 13:12:35,178:INFO:create_model_container: 9
2022-08-21 13:12:35,179:INFO:master_model_container: 9
2022-08-21 13:12:35,179:INFO:display_container: 2
2022-08-21 13:12:35,180:INFO:PassiveAggressiveRegressor(C=1.0, average=False, early_stopping=False,
                           epsilon=0.1, fit_intercept=True,
                           loss='epsilon_insensitive', max_iter=1000,
                           n_iter_no_change=5, random_state=8170, shuffle=True,
                           tol=0.001, validation_fraction=0.1, verbose=0,
                           warm_start=False)
2022-08-21 13:12:35,180:INFO:create_model() succesfully completed......................................
2022-08-21 13:12:35,402:INFO:SubProcess create_model() end ==================================
2022-08-21 13:12:35,403:INFO:Creating metrics dataframe
2022-08-21 13:12:35,419:INFO:Initializing Huber Regressor
2022-08-21 13:12:35,419:INFO:Total runtime is 0.42886712153752643 minutes
2022-08-21 13:12:35,433:INFO:SubProcess create_model() called ==================================
2022-08-21 13:12:35,434:INFO:Initializing create_model()
2022-08-21 13:12:35,434:INFO:create_model(estimator=huber, fold=KFold(n_splits=10, random_state=None, shuffle=False), round=4, cross_validation=True, predict=True, fit_kwargs={}, groups=None, refit=False, verbose=False, system=False, metrics=None, experiment_custom_tags=None, add_to_model_list=True, probability_threshold=None, display=<pycaret.internal.Display.Display object at 0x000002B79E1C0D60>, return_train_score=False, kwargs={})
2022-08-21 13:12:35,434:INFO:Checking exceptions
2022-08-21 13:12:35,434:INFO:Importing libraries
2022-08-21 13:12:35,434:INFO:Copying training dataset
2022-08-21 13:12:35,439:INFO:Defining folds
2022-08-21 13:12:35,439:INFO:Declaring metric variables
2022-08-21 13:12:35,454:INFO:Importing untrained model
2022-08-21 13:12:35,473:INFO:Huber Regressor Imported succesfully
2022-08-21 13:12:35,531:INFO:Starting cross validation
2022-08-21 13:12:35,532:INFO:Cross validating with KFold(n_splits=10, random_state=None, shuffle=False), n_jobs=-1
2022-08-21 13:12:36,321:INFO:Calculating mean and std
2022-08-21 13:12:36,322:INFO:Creating metrics dataframe
2022-08-21 13:12:36,328:INFO:Uploading results into container
2022-08-21 13:12:36,328:INFO:Uploading model into container now
2022-08-21 13:12:36,328:INFO:create_model_container: 10
2022-08-21 13:12:36,329:INFO:master_model_container: 10
2022-08-21 13:12:36,329:INFO:display_container: 2
2022-08-21 13:12:36,329:INFO:HuberRegressor(alpha=0.0001, epsilon=1.35, fit_intercept=True, max_iter=100,
               tol=1e-05, warm_start=False)
2022-08-21 13:12:36,330:INFO:create_model() succesfully completed......................................
2022-08-21 13:12:36,530:INFO:SubProcess create_model() end ==================================
2022-08-21 13:12:36,530:INFO:Creating metrics dataframe
2022-08-21 13:12:36,548:INFO:Initializing K Neighbors Regressor
2022-08-21 13:12:36,549:INFO:Total runtime is 0.44770268201828 minutes
2022-08-21 13:12:36,568:INFO:SubProcess create_model() called ==================================
2022-08-21 13:12:36,569:INFO:Initializing create_model()
2022-08-21 13:12:36,571:INFO:create_model(estimator=knn, fold=KFold(n_splits=10, random_state=None, shuffle=False), round=4, cross_validation=True, predict=True, fit_kwargs={}, groups=None, refit=False, verbose=False, system=False, metrics=None, experiment_custom_tags=None, add_to_model_list=True, probability_threshold=None, display=<pycaret.internal.Display.Display object at 0x000002B79E1C0D60>, return_train_score=False, kwargs={})
2022-08-21 13:12:36,571:INFO:Checking exceptions
2022-08-21 13:12:36,571:INFO:Importing libraries
2022-08-21 13:12:36,572:INFO:Copying training dataset
2022-08-21 13:12:36,573:INFO:Defining folds
2022-08-21 13:12:36,573:INFO:Declaring metric variables
2022-08-21 13:12:36,590:INFO:Importing untrained model
2022-08-21 13:12:36,611:INFO:K Neighbors Regressor Imported succesfully
2022-08-21 13:12:36,657:INFO:Starting cross validation
2022-08-21 13:12:36,658:INFO:Cross validating with KFold(n_splits=10, random_state=None, shuffle=False), n_jobs=-1
2022-08-21 13:12:37,199:INFO:Calculating mean and std
2022-08-21 13:12:37,200:INFO:Creating metrics dataframe
2022-08-21 13:12:37,209:INFO:Uploading results into container
2022-08-21 13:12:37,209:INFO:Uploading model into container now
2022-08-21 13:12:37,209:INFO:create_model_container: 11
2022-08-21 13:12:37,209:INFO:master_model_container: 11
2022-08-21 13:12:37,210:INFO:display_container: 2
2022-08-21 13:12:37,210:INFO:KNeighborsRegressor(algorithm='auto', leaf_size=30, metric='minkowski',
                    metric_params=None, n_jobs=-1, n_neighbors=5, p=2,
                    weights='uniform')
2022-08-21 13:12:37,210:INFO:create_model() succesfully completed......................................
2022-08-21 13:12:37,400:INFO:SubProcess create_model() end ==================================
2022-08-21 13:12:37,400:INFO:Creating metrics dataframe
2022-08-21 13:12:37,418:INFO:Initializing Decision Tree Regressor
2022-08-21 13:12:37,418:INFO:Total runtime is 0.4621735135714213 minutes
2022-08-21 13:12:37,432:INFO:SubProcess create_model() called ==================================
2022-08-21 13:12:37,433:INFO:Initializing create_model()
2022-08-21 13:12:37,433:INFO:create_model(estimator=dt, fold=KFold(n_splits=10, random_state=None, shuffle=False), round=4, cross_validation=True, predict=True, fit_kwargs={}, groups=None, refit=False, verbose=False, system=False, metrics=None, experiment_custom_tags=None, add_to_model_list=True, probability_threshold=None, display=<pycaret.internal.Display.Display object at 0x000002B79E1C0D60>, return_train_score=False, kwargs={})
2022-08-21 13:12:37,433:INFO:Checking exceptions
2022-08-21 13:12:37,433:INFO:Importing libraries
2022-08-21 13:12:37,433:INFO:Copying training dataset
2022-08-21 13:12:37,434:INFO:Defining folds
2022-08-21 13:12:37,434:INFO:Declaring metric variables
2022-08-21 13:12:37,447:INFO:Importing untrained model
2022-08-21 13:12:37,463:INFO:Decision Tree Regressor Imported succesfully
2022-08-21 13:12:37,524:INFO:Starting cross validation
2022-08-21 13:12:37,525:INFO:Cross validating with KFold(n_splits=10, random_state=None, shuffle=False), n_jobs=-1
2022-08-21 13:12:37,762:INFO:Calculating mean and std
2022-08-21 13:12:37,763:INFO:Creating metrics dataframe
2022-08-21 13:12:37,772:INFO:Uploading results into container
2022-08-21 13:12:37,773:INFO:Uploading model into container now
2022-08-21 13:12:37,773:INFO:create_model_container: 12
2022-08-21 13:12:37,774:INFO:master_model_container: 12
2022-08-21 13:12:37,774:INFO:display_container: 2
2022-08-21 13:12:37,774:INFO:DecisionTreeRegressor(ccp_alpha=0.0, criterion='mse', max_depth=None,
                      max_features=None, max_leaf_nodes=None,
                      min_impurity_decrease=0.0, min_impurity_split=None,
                      min_samples_leaf=1, min_samples_split=2,
                      min_weight_fraction_leaf=0.0, presort='deprecated',
                      random_state=8170, splitter='best')
2022-08-21 13:12:37,774:INFO:create_model() succesfully completed......................................
2022-08-21 13:12:37,984:INFO:SubProcess create_model() end ==================================
2022-08-21 13:12:37,985:INFO:Creating metrics dataframe
2022-08-21 13:12:38,011:INFO:Initializing Random Forest Regressor
2022-08-21 13:12:38,011:INFO:Total runtime is 0.47206569512685137 minutes
2022-08-21 13:12:38,039:INFO:SubProcess create_model() called ==================================
2022-08-21 13:12:38,040:INFO:Initializing create_model()
2022-08-21 13:12:38,041:INFO:create_model(estimator=rf, fold=KFold(n_splits=10, random_state=None, shuffle=False), round=4, cross_validation=True, predict=True, fit_kwargs={}, groups=None, refit=False, verbose=False, system=False, metrics=None, experiment_custom_tags=None, add_to_model_list=True, probability_threshold=None, display=<pycaret.internal.Display.Display object at 0x000002B79E1C0D60>, return_train_score=False, kwargs={})
2022-08-21 13:12:38,041:INFO:Checking exceptions
2022-08-21 13:12:38,041:INFO:Importing libraries
2022-08-21 13:12:38,041:INFO:Copying training dataset
2022-08-21 13:12:38,056:INFO:Defining folds
2022-08-21 13:12:38,056:INFO:Declaring metric variables
2022-08-21 13:12:38,074:INFO:Importing untrained model
2022-08-21 13:12:38,104:INFO:Random Forest Regressor Imported succesfully
2022-08-21 13:12:38,150:INFO:Starting cross validation
2022-08-21 13:12:38,152:INFO:Cross validating with KFold(n_splits=10, random_state=None, shuffle=False), n_jobs=-1
2022-08-21 13:12:43,069:INFO:Calculating mean and std
2022-08-21 13:12:43,071:INFO:Creating metrics dataframe
2022-08-21 13:12:43,077:INFO:Uploading results into container
2022-08-21 13:12:43,077:INFO:Uploading model into container now
2022-08-21 13:12:43,077:INFO:create_model_container: 13
2022-08-21 13:12:43,078:INFO:master_model_container: 13
2022-08-21 13:12:43,078:INFO:display_container: 2
2022-08-21 13:12:43,079:INFO:RandomForestRegressor(bootstrap=True, ccp_alpha=0.0, criterion='mse',
                      max_depth=None, max_features='auto', max_leaf_nodes=None,
                      max_samples=None, min_impurity_decrease=0.0,
                      min_impurity_split=None, min_samples_leaf=1,
                      min_samples_split=2, min_weight_fraction_leaf=0.0,
                      n_estimators=100, n_jobs=-1, oob_score=False,
                      random_state=8170, verbose=0, warm_start=False)
2022-08-21 13:12:43,079:INFO:create_model() succesfully completed......................................
2022-08-21 13:12:43,306:INFO:SubProcess create_model() end ==================================
2022-08-21 13:12:43,306:INFO:Creating metrics dataframe
2022-08-21 13:12:43,327:INFO:Initializing Extra Trees Regressor
2022-08-21 13:12:43,327:INFO:Total runtime is 0.5606565157572428 minutes
2022-08-21 13:12:43,349:INFO:SubProcess create_model() called ==================================
2022-08-21 13:12:43,350:INFO:Initializing create_model()
2022-08-21 13:12:43,350:INFO:create_model(estimator=et, fold=KFold(n_splits=10, random_state=None, shuffle=False), round=4, cross_validation=True, predict=True, fit_kwargs={}, groups=None, refit=False, verbose=False, system=False, metrics=None, experiment_custom_tags=None, add_to_model_list=True, probability_threshold=None, display=<pycaret.internal.Display.Display object at 0x000002B79E1C0D60>, return_train_score=False, kwargs={})
2022-08-21 13:12:43,350:INFO:Checking exceptions
2022-08-21 13:12:43,350:INFO:Importing libraries
2022-08-21 13:12:43,350:INFO:Copying training dataset
2022-08-21 13:12:43,355:INFO:Defining folds
2022-08-21 13:12:43,355:INFO:Declaring metric variables
2022-08-21 13:12:43,406:INFO:Importing untrained model
2022-08-21 13:12:43,419:INFO:Extra Trees Regressor Imported succesfully
2022-08-21 13:12:43,460:INFO:Starting cross validation
2022-08-21 13:12:43,461:INFO:Cross validating with KFold(n_splits=10, random_state=None, shuffle=False), n_jobs=-1
2022-08-21 13:12:46,980:INFO:Calculating mean and std
2022-08-21 13:12:46,982:INFO:Creating metrics dataframe
2022-08-21 13:12:46,993:INFO:Uploading results into container
2022-08-21 13:12:46,993:INFO:Uploading model into container now
2022-08-21 13:12:46,994:INFO:create_model_container: 14
2022-08-21 13:12:46,994:INFO:master_model_container: 14
2022-08-21 13:12:46,994:INFO:display_container: 2
2022-08-21 13:12:46,995:INFO:ExtraTreesRegressor(bootstrap=False, ccp_alpha=0.0, criterion='mse',
                    max_depth=None, max_features='auto', max_leaf_nodes=None,
                    max_samples=None, min_impurity_decrease=0.0,
                    min_impurity_split=None, min_samples_leaf=1,
                    min_samples_split=2, min_weight_fraction_leaf=0.0,
                    n_estimators=100, n_jobs=-1, oob_score=False,
                    random_state=8170, verbose=0, warm_start=False)
2022-08-21 13:12:46,995:INFO:create_model() succesfully completed......................................
2022-08-21 13:12:47,252:INFO:SubProcess create_model() end ==================================
2022-08-21 13:12:47,252:INFO:Creating metrics dataframe
2022-08-21 13:12:47,270:INFO:Initializing AdaBoost Regressor
2022-08-21 13:12:47,270:INFO:Total runtime is 0.6263830065727234 minutes
2022-08-21 13:12:47,285:INFO:SubProcess create_model() called ==================================
2022-08-21 13:12:47,285:INFO:Initializing create_model()
2022-08-21 13:12:47,286:INFO:create_model(estimator=ada, fold=KFold(n_splits=10, random_state=None, shuffle=False), round=4, cross_validation=True, predict=True, fit_kwargs={}, groups=None, refit=False, verbose=False, system=False, metrics=None, experiment_custom_tags=None, add_to_model_list=True, probability_threshold=None, display=<pycaret.internal.Display.Display object at 0x000002B79E1C0D60>, return_train_score=False, kwargs={})
2022-08-21 13:12:47,286:INFO:Checking exceptions
2022-08-21 13:12:47,286:INFO:Importing libraries
2022-08-21 13:12:47,286:INFO:Copying training dataset
2022-08-21 13:12:47,288:INFO:Defining folds
2022-08-21 13:12:47,288:INFO:Declaring metric variables
2022-08-21 13:12:47,306:INFO:Importing untrained model
2022-08-21 13:12:47,338:INFO:AdaBoost Regressor Imported succesfully
2022-08-21 13:12:47,405:INFO:Starting cross validation
2022-08-21 13:12:47,407:INFO:Cross validating with KFold(n_splits=10, random_state=None, shuffle=False), n_jobs=-1
2022-08-21 13:12:48,202:INFO:Calculating mean and std
2022-08-21 13:12:48,205:INFO:Creating metrics dataframe
2022-08-21 13:12:48,215:INFO:Uploading results into container
2022-08-21 13:12:48,215:INFO:Uploading model into container now
2022-08-21 13:12:48,216:INFO:create_model_container: 15
2022-08-21 13:12:48,216:INFO:master_model_container: 15
2022-08-21 13:12:48,218:INFO:display_container: 2
2022-08-21 13:12:48,219:INFO:AdaBoostRegressor(base_estimator=None, learning_rate=1.0, loss='linear',
                  n_estimators=50, random_state=8170)
2022-08-21 13:12:48,219:INFO:create_model() succesfully completed......................................
2022-08-21 13:12:48,416:INFO:SubProcess create_model() end ==================================
2022-08-21 13:12:48,416:INFO:Creating metrics dataframe
2022-08-21 13:12:48,436:INFO:Initializing Gradient Boosting Regressor
2022-08-21 13:12:48,436:INFO:Total runtime is 0.6458166599273681 minutes
2022-08-21 13:12:48,454:INFO:SubProcess create_model() called ==================================
2022-08-21 13:12:48,455:INFO:Initializing create_model()
2022-08-21 13:12:48,455:INFO:create_model(estimator=gbr, fold=KFold(n_splits=10, random_state=None, shuffle=False), round=4, cross_validation=True, predict=True, fit_kwargs={}, groups=None, refit=False, verbose=False, system=False, metrics=None, experiment_custom_tags=None, add_to_model_list=True, probability_threshold=None, display=<pycaret.internal.Display.Display object at 0x000002B79E1C0D60>, return_train_score=False, kwargs={})
2022-08-21 13:12:48,455:INFO:Checking exceptions
2022-08-21 13:12:48,455:INFO:Importing libraries
2022-08-21 13:12:48,455:INFO:Copying training dataset
2022-08-21 13:12:48,458:INFO:Defining folds
2022-08-21 13:12:48,458:INFO:Declaring metric variables
2022-08-21 13:12:48,473:INFO:Importing untrained model
2022-08-21 13:12:48,497:INFO:Gradient Boosting Regressor Imported succesfully
2022-08-21 13:12:48,533:INFO:Starting cross validation
2022-08-21 13:12:48,537:INFO:Cross validating with KFold(n_splits=10, random_state=None, shuffle=False), n_jobs=-1
2022-08-21 13:12:51,127:INFO:Calculating mean and std
2022-08-21 13:12:51,128:INFO:Creating metrics dataframe
2022-08-21 13:12:51,136:INFO:Uploading results into container
2022-08-21 13:12:51,136:INFO:Uploading model into container now
2022-08-21 13:12:51,136:INFO:create_model_container: 16
2022-08-21 13:12:51,137:INFO:master_model_container: 16
2022-08-21 13:12:51,137:INFO:display_container: 2
2022-08-21 13:12:51,138:INFO:GradientBoostingRegressor(alpha=0.9, ccp_alpha=0.0, criterion='friedman_mse',
                          init=None, learning_rate=0.1, loss='ls', max_depth=3,
                          max_features=None, max_leaf_nodes=None,
                          min_impurity_decrease=0.0, min_impurity_split=None,
                          min_samples_leaf=1, min_samples_split=2,
                          min_weight_fraction_leaf=0.0, n_estimators=100,
                          n_iter_no_change=None, presort='deprecated',
                          random_state=8170, subsample=1.0, tol=0.0001,
                          validation_fraction=0.1, verbose=0, warm_start=False)
2022-08-21 13:12:51,139:INFO:create_model() succesfully completed......................................
2022-08-21 13:12:51,347:INFO:SubProcess create_model() end ==================================
2022-08-21 13:12:51,348:INFO:Creating metrics dataframe
2022-08-21 13:12:51,368:INFO:Initializing Extreme Gradient Boosting
2022-08-21 13:12:51,368:INFO:Total runtime is 0.6946786483128865 minutes
2022-08-21 13:12:51,382:INFO:SubProcess create_model() called ==================================
2022-08-21 13:12:51,384:INFO:Initializing create_model()
2022-08-21 13:12:51,384:INFO:create_model(estimator=xgboost, fold=KFold(n_splits=10, random_state=None, shuffle=False), round=4, cross_validation=True, predict=True, fit_kwargs={}, groups=None, refit=False, verbose=False, system=False, metrics=None, experiment_custom_tags=None, add_to_model_list=True, probability_threshold=None, display=<pycaret.internal.Display.Display object at 0x000002B79E1C0D60>, return_train_score=False, kwargs={})
2022-08-21 13:12:51,384:INFO:Checking exceptions
2022-08-21 13:12:51,385:INFO:Importing libraries
2022-08-21 13:12:51,385:INFO:Copying training dataset
2022-08-21 13:12:51,387:INFO:Defining folds
2022-08-21 13:12:51,387:INFO:Declaring metric variables
2022-08-21 13:12:51,402:INFO:Importing untrained model
2022-08-21 13:12:51,421:INFO:Extreme Gradient Boosting Imported succesfully
2022-08-21 13:12:51,469:INFO:Starting cross validation
2022-08-21 13:12:51,473:INFO:Cross validating with KFold(n_splits=10, random_state=None, shuffle=False), n_jobs=-1
2022-08-21 13:12:55,235:INFO:Calculating mean and std
2022-08-21 13:12:55,236:INFO:Creating metrics dataframe
2022-08-21 13:12:55,244:INFO:Uploading results into container
2022-08-21 13:12:55,245:INFO:Uploading model into container now
2022-08-21 13:12:55,245:INFO:create_model_container: 17
2022-08-21 13:12:55,246:INFO:master_model_container: 17
2022-08-21 13:12:55,246:INFO:display_container: 2
2022-08-21 13:12:55,247:INFO:XGBRegressor(base_score=None, booster='gbtree', callbacks=None,
             colsample_bylevel=None, colsample_bynode=None,
             colsample_bytree=None, early_stopping_rounds=None,
             enable_categorical=False, eval_metric=None, gamma=None,
             gpu_id=None, grow_policy=None, importance_type=None,
             interaction_constraints=None, learning_rate=None, max_bin=None,
             max_cat_to_onehot=None, max_delta_step=None, max_depth=None,
             max_leaves=None, min_child_weight=None, missing=nan,
             monotone_constraints=None, n_estimators=100, n_jobs=-1,
             num_parallel_tree=None, objective='reg:squarederror',
             predictor=None, random_state=8170, reg_alpha=None, ...)
2022-08-21 13:12:55,248:INFO:create_model() succesfully completed......................................
2022-08-21 13:12:55,444:INFO:SubProcess create_model() end ==================================
2022-08-21 13:12:55,444:INFO:Creating metrics dataframe
2022-08-21 13:12:55,464:INFO:Initializing Light Gradient Boosting Machine
2022-08-21 13:12:55,466:INFO:Total runtime is 0.7629803299903869 minutes
2022-08-21 13:12:55,480:INFO:SubProcess create_model() called ==================================
2022-08-21 13:12:55,481:INFO:Initializing create_model()
2022-08-21 13:12:55,483:INFO:create_model(estimator=lightgbm, fold=KFold(n_splits=10, random_state=None, shuffle=False), round=4, cross_validation=True, predict=True, fit_kwargs={}, groups=None, refit=False, verbose=False, system=False, metrics=None, experiment_custom_tags=None, add_to_model_list=True, probability_threshold=None, display=<pycaret.internal.Display.Display object at 0x000002B79E1C0D60>, return_train_score=False, kwargs={})
2022-08-21 13:12:55,483:INFO:Checking exceptions
2022-08-21 13:12:55,483:INFO:Importing libraries
2022-08-21 13:12:55,483:INFO:Copying training dataset
2022-08-21 13:12:55,485:INFO:Defining folds
2022-08-21 13:12:55,485:INFO:Declaring metric variables
2022-08-21 13:12:55,500:INFO:Importing untrained model
2022-08-21 13:12:55,518:INFO:Light Gradient Boosting Machine Imported succesfully
2022-08-21 13:12:55,550:INFO:Starting cross validation
2022-08-21 13:12:55,551:INFO:Cross validating with KFold(n_splits=10, random_state=None, shuffle=False), n_jobs=-1
2022-08-21 13:12:58,443:INFO:Calculating mean and std
2022-08-21 13:12:58,444:INFO:Creating metrics dataframe
2022-08-21 13:12:58,455:INFO:Uploading results into container
2022-08-21 13:12:58,455:INFO:Uploading model into container now
2022-08-21 13:12:58,455:INFO:create_model_container: 18
2022-08-21 13:12:58,456:INFO:master_model_container: 18
2022-08-21 13:12:58,456:INFO:display_container: 2
2022-08-21 13:12:58,457:INFO:LGBMRegressor(boosting_type='gbdt', class_weight=None, colsample_bytree=1.0,
              importance_type='split', learning_rate=0.1, max_depth=-1,
              min_child_samples=20, min_child_weight=0.001, min_split_gain=0.0,
              n_estimators=100, n_jobs=-1, num_leaves=31, objective=None,
              random_state=8170, reg_alpha=0.0, reg_lambda=0.0, silent='warn',
              subsample=1.0, subsample_for_bin=200000, subsample_freq=0)
2022-08-21 13:12:58,457:INFO:create_model() succesfully completed......................................
2022-08-21 13:12:58,667:INFO:SubProcess create_model() end ==================================
2022-08-21 13:12:58,667:INFO:Creating metrics dataframe
2022-08-21 13:12:58,692:INFO:Initializing CatBoost Regressor
2022-08-21 13:12:58,693:INFO:Total runtime is 0.8167669336001078 minutes
2022-08-21 13:12:58,705:INFO:SubProcess create_model() called ==================================
2022-08-21 13:12:58,706:INFO:Initializing create_model()
2022-08-21 13:12:58,706:INFO:create_model(estimator=catboost, fold=KFold(n_splits=10, random_state=None, shuffle=False), round=4, cross_validation=True, predict=True, fit_kwargs={}, groups=None, refit=False, verbose=False, system=False, metrics=None, experiment_custom_tags=None, add_to_model_list=True, probability_threshold=None, display=<pycaret.internal.Display.Display object at 0x000002B79E1C0D60>, return_train_score=False, kwargs={})
2022-08-21 13:12:58,706:INFO:Checking exceptions
2022-08-21 13:12:58,707:INFO:Importing libraries
2022-08-21 13:12:58,707:INFO:Copying training dataset
2022-08-21 13:12:58,710:INFO:Defining folds
2022-08-21 13:12:58,710:INFO:Declaring metric variables
2022-08-21 13:12:58,724:INFO:Importing untrained model
2022-08-21 13:12:58,803:INFO:CatBoost Regressor Imported succesfully
2022-08-21 13:12:58,845:INFO:Starting cross validation
2022-08-21 13:12:58,856:INFO:Cross validating with KFold(n_splits=10, random_state=None, shuffle=False), n_jobs=-1
2022-08-21 13:13:29,068:INFO:Calculating mean and std
2022-08-21 13:13:29,070:INFO:Creating metrics dataframe
2022-08-21 13:13:29,081:INFO:Uploading results into container
2022-08-21 13:13:29,081:INFO:Uploading model into container now
2022-08-21 13:13:29,082:INFO:create_model_container: 19
2022-08-21 13:13:29,082:INFO:master_model_container: 19
2022-08-21 13:13:29,082:INFO:display_container: 2
2022-08-21 13:13:29,082:INFO:<catboost.core.CatBoostRegressor object at 0x000002B7A287C0A0>
2022-08-21 13:13:29,082:INFO:create_model() succesfully completed......................................
2022-08-21 13:13:29,394:WARNING:create_model() for <catboost.core.CatBoostRegressor object at 0x000002B7A287C0A0> raised an exception or returned all 0.0, trying without fit_kwargs:
2022-08-21 13:13:29,421:WARNING:Traceback (most recent call last):
  File "c:\Users\lenovo\anaconda3\lib\site-packages\pycaret\internal\tabular.py", line 2205, in compare_models
    assert np.sum(model_results.iloc[0]) != 0.0
AssertionError

2022-08-21 13:13:29,423:INFO:Initializing create_model()
2022-08-21 13:13:29,424:INFO:create_model(estimator=catboost, fold=KFold(n_splits=10, random_state=None, shuffle=False), round=4, cross_validation=True, predict=True, fit_kwargs={}, groups=None, refit=False, verbose=False, system=False, metrics=None, experiment_custom_tags=None, add_to_model_list=True, probability_threshold=None, display=<pycaret.internal.Display.Display object at 0x000002B79E1C0D60>, return_train_score=False, kwargs={})
2022-08-21 13:13:29,424:INFO:Checking exceptions
2022-08-21 13:13:29,424:INFO:Importing libraries
2022-08-21 13:13:29,424:INFO:Copying training dataset
2022-08-21 13:13:29,426:INFO:Defining folds
2022-08-21 13:13:29,426:INFO:Declaring metric variables
2022-08-21 13:13:29,444:INFO:Importing untrained model
2022-08-21 13:13:29,466:INFO:CatBoost Regressor Imported succesfully
2022-08-21 13:13:29,512:INFO:Starting cross validation
2022-08-21 13:13:29,513:INFO:Cross validating with KFold(n_splits=10, random_state=None, shuffle=False), n_jobs=-1
2022-08-21 13:14:09,543:INFO:Calculating mean and std
2022-08-21 13:14:09,547:INFO:Creating metrics dataframe
2022-08-21 13:14:09,559:INFO:Uploading results into container
2022-08-21 13:14:09,560:INFO:Uploading model into container now
2022-08-21 13:14:09,560:INFO:create_model_container: 20
2022-08-21 13:14:09,560:INFO:master_model_container: 20
2022-08-21 13:14:09,562:INFO:display_container: 2
2022-08-21 13:14:09,562:INFO:<catboost.core.CatBoostRegressor object at 0x000002B7A27EFBE0>
2022-08-21 13:14:09,563:INFO:create_model() succesfully completed......................................
2022-08-21 13:14:09,859:INFO:SubProcess create_model() end ==================================
2022-08-21 13:14:09,859:INFO:Creating metrics dataframe
2022-08-21 13:14:09,902:INFO:Initializing Dummy Regressor
2022-08-21 13:14:09,902:INFO:Total runtime is 2.0035777727762856 minutes
2022-08-21 13:14:09,920:INFO:SubProcess create_model() called ==================================
2022-08-21 13:14:09,920:INFO:Initializing create_model()
2022-08-21 13:14:09,921:INFO:create_model(estimator=dummy, fold=KFold(n_splits=10, random_state=None, shuffle=False), round=4, cross_validation=True, predict=True, fit_kwargs={}, groups=None, refit=False, verbose=False, system=False, metrics=None, experiment_custom_tags=None, add_to_model_list=True, probability_threshold=None, display=<pycaret.internal.Display.Display object at 0x000002B79E1C0D60>, return_train_score=False, kwargs={})
2022-08-21 13:14:09,921:INFO:Checking exceptions
2022-08-21 13:14:09,921:INFO:Importing libraries
2022-08-21 13:14:09,921:INFO:Copying training dataset
2022-08-21 13:14:09,923:INFO:Defining folds
2022-08-21 13:14:09,924:INFO:Declaring metric variables
2022-08-21 13:14:09,942:INFO:Importing untrained model
2022-08-21 13:14:09,963:INFO:Dummy Regressor Imported succesfully
2022-08-21 13:14:10,006:INFO:Starting cross validation
2022-08-21 13:14:10,007:INFO:Cross validating with KFold(n_splits=10, random_state=None, shuffle=False), n_jobs=-1
2022-08-21 13:14:10,131:INFO:Calculating mean and std
2022-08-21 13:14:10,132:INFO:Creating metrics dataframe
2022-08-21 13:14:10,142:INFO:Uploading results into container
2022-08-21 13:14:10,142:INFO:Uploading model into container now
2022-08-21 13:14:10,143:INFO:create_model_container: 21
2022-08-21 13:14:10,143:INFO:master_model_container: 21
2022-08-21 13:14:10,143:INFO:display_container: 2
2022-08-21 13:14:10,144:INFO:DummyRegressor(constant=None, quantile=None, strategy='mean')
2022-08-21 13:14:10,144:INFO:create_model() succesfully completed......................................
2022-08-21 13:14:10,589:INFO:SubProcess create_model() end ==================================
2022-08-21 13:14:10,590:INFO:Creating metrics dataframe
2022-08-21 13:14:10,696:INFO:Initializing create_model()
2022-08-21 13:14:10,696:INFO:create_model(estimator=ExtraTreesRegressor(bootstrap=False, ccp_alpha=0.0, criterion='mse',
                    max_depth=None, max_features='auto', max_leaf_nodes=None,
                    max_samples=None, min_impurity_decrease=0.0,
                    min_impurity_split=None, min_samples_leaf=1,
                    min_samples_split=2, min_weight_fraction_leaf=0.0,
                    n_estimators=100, n_jobs=-1, oob_score=False,
                    random_state=8170, verbose=0, warm_start=False), fold=KFold(n_splits=10, random_state=None, shuffle=False), round=4, cross_validation=False, predict=False, fit_kwargs={}, groups=None, refit=True, verbose=False, system=False, metrics=None, experiment_custom_tags=None, add_to_model_list=True, probability_threshold=None, display=None, return_train_score=False, kwargs={})
2022-08-21 13:14:10,697:INFO:Checking exceptions
2022-08-21 13:14:10,697:INFO:Importing libraries
2022-08-21 13:14:10,697:INFO:Copying training dataset
2022-08-21 13:14:10,698:INFO:Defining folds
2022-08-21 13:14:10,698:INFO:Declaring metric variables
2022-08-21 13:14:10,698:INFO:Importing untrained model
2022-08-21 13:14:10,698:INFO:Declaring custom model
2022-08-21 13:14:10,700:INFO:Extra Trees Regressor Imported succesfully
2022-08-21 13:14:10,701:INFO:Cross validation set to False
2022-08-21 13:14:10,701:INFO:Fitting Model
2022-08-21 13:14:11,379:INFO:ExtraTreesRegressor(bootstrap=False, ccp_alpha=0.0, criterion='mse',
                    max_depth=None, max_features='auto', max_leaf_nodes=None,
                    max_samples=None, min_impurity_decrease=0.0,
                    min_impurity_split=None, min_samples_leaf=1,
                    min_samples_split=2, min_weight_fraction_leaf=0.0,
                    n_estimators=100, n_jobs=-1, oob_score=False,
                    random_state=8170, verbose=0, warm_start=False)
2022-08-21 13:14:11,380:INFO:create_models() succesfully completed......................................
2022-08-21 13:14:11,782:INFO:create_model_container: 21
2022-08-21 13:14:11,783:INFO:master_model_container: 21
2022-08-21 13:14:11,783:INFO:display_container: 2
2022-08-21 13:14:11,785:INFO:ExtraTreesRegressor(bootstrap=False, ccp_alpha=0.0, criterion='mse',
                    max_depth=None, max_features='auto', max_leaf_nodes=None,
                    max_samples=None, min_impurity_decrease=0.0,
                    min_impurity_split=None, min_samples_leaf=1,
                    min_samples_split=2, min_weight_fraction_leaf=0.0,
                    n_estimators=100, n_jobs=-1, oob_score=False,
                    random_state=8170, verbose=0, warm_start=False)
2022-08-21 13:14:11,785:INFO:compare_models() succesfully completed......................................
